# JRE version: OpenJDK Runtime Environment Temurin-21.0.10+7 (21.0.10+7) (build 21.0.10+7-LTS)
# Java VM: OpenJDK 64-Bit Server VM Temurin-21.0.10+7 (21.0.10+7-LTS, mixed mode, sharing, tiered, compressed oops, compressed class ptrs, parallel gc, windows-amd64)
GC Precious Log:
 CardTable entry size: 512
 CPUs: 4 total, 4 available
 Memory: 3880M
 Large Page Support: Disabled
 NUMA Support: Disabled
 Compressed Oops: Enabled (32-bit)
 Alignments: Space 512K, Generation 512K, Heap 2M
 Heap Min Capacity: 100M
 Heap Initial Capacity: 100M
 Heap Max Capacity: 2G
 Pre-touch: Disabled
 Parallel Workers: 4
Heap:
 PSYoungGen      total 5120K, used 4059K [0x00000000d5580000, 0x00000000d5f00000, 0x0000000100000000)
  eden space 4608K, 81% used [0x00000000d5580000,0x00000000d592efd8,0x00000000d5a00000)
  from space 512K, 56% used [0x00000000d5e80000,0x00000000d5ec8000,0x00000000d5f00000)
  to   space 512K, 0% used [0x00000000d5e00000,0x00000000d5e00000,0x00000000d5e80000)
 ParOldGen       total 761856K, used 349308K [0x0000000080000000, 0x00000000ae800000, 0x00000000d5580000)
  object space 761856K, 45% used [0x0000000080000000,0x000000009551f240,0x00000000ae800000)
 Metaspace       used 89585K, committed 91264K, reserved 1179648K
  class space    used 9345K, committed 10048K, reserved 1048576K
GC Heap History (20 events):
Event: 8233.790 GC heap before
{Heap before GC invocations=1373 (full 4):
 PSYoungGen      total 5120K, used 4864K [0x00000000d5580000, 0x00000000d5e00000, 0x0000000100000000)
  eden space 4608K, 100% used [0x00000000d5580000,0x00000000d5a00000,0x00000000d5a00000)
  from space 512K, 50% used [0x00000000d5d80000,0x00000000d5dc0020,0x00000000d5e00000)
  to   space 1024K, 0% used [0x00000000d5c00000,0x00000000d5c00000,0x00000000d5d00000)
 ParOldGen       total 761856K, used 336293K [0x0000000080000000, 0x00000000ae800000, 0x00000000d5580000)
  object space 761856K, 44% used [0x0000000080000000,0x0000000094869520,0x00000000ae800000)
 Metaspace       used 89527K, committed 91200K, reserved 1179648K
  class space    used 9345K, committed 10048K, reserved 1048576K
}
Event: 8233.820 GC heap after
{Heap after GC invocations=1373 (full 4):
 PSYoungGen      total 5632K, used 672K [0x00000000d5580000, 0x00000000d5e00000, 0x0000000100000000)
  eden space 4608K, 0% used [0x00000000d5580000,0x00000000d5580000,0x00000000d5a00000)
  from space 1024K, 65% used [0x00000000d5c00000,0x00000000d5ca8040,0x00000000d5d00000)
  to   space 1024K, 0% used [0x00000000d5d00000,0x00000000d5d00000,0x00000000d5e00000)
 ParOldGen       total 761856K, used 336381K [0x0000000080000000, 0x00000000ae800000, 0x00000000d5580000)
  object space 761856K, 44% used [0x0000000080000000,0x000000009487f540,0x00000000ae800000)
 Metaspace       used 89527K, committed 91200K, reserved 1179648K
  class space    used 9345K, committed 10048K, reserved 1048576K
}
Event: 8235.124 GC heap before
{Heap before GC invocations=1374 (full 4):
 PSYoungGen      total 5632K, used 5280K [0x00000000d5580000, 0x00000000d5e00000, 0x0000000100000000)
  eden space 4608K, 99% used [0x00000000d5580000,0x00000000d59fffd0,0x00000000d5a00000)
  from space 1024K, 65% used [0x00000000d5c00000,0x00000000d5ca8040,0x00000000d5d00000)
  to   space 1024K, 0% used [0x00000000d5d00000,0x00000000d5d00000,0x00000000d5e00000)
 ParOldGen       total 761856K, used 336381K [0x0000000080000000, 0x00000000ae800000, 0x00000000d5580000)
  object space 761856K, 44% used [0x0000000080000000,0x000000009487f540,0x00000000ae800000)
 Metaspace       used 89533K, committed 91200K, reserved 1179648K
  class space    used 9345K, committed 10048K, reserved 1048576K
}
Event: 8235.155 GC heap after
{Heap after GC invocations=1374 (full 4):
 PSYoungGen      total 5632K, used 1024K [0x00000000d5580000, 0x00000000d5f00000, 0x0000000100000000)
  eden space 4608K, 0% used [0x00000000d5580000,0x00000000d5580000,0x00000000d5a00000)
  from space 1024K, 100% used [0x00000000d5d00000,0x00000000d5e00000,0x00000000d5e00000)
  to   space 2560K, 0% used [0x00000000d5a00000,0x00000000d5a00000,0x00000000d5c80000)
 ParOldGen       total 761856K, used 337262K [0x0000000080000000, 0x00000000ae800000, 0x00000000d5580000)
  object space 761856K, 44% used [0x0000000080000000,0x000000009495b8f0,0x00000000ae800000)
 Metaspace       used 89533K, committed 91200K, reserved 1179648K
  class space    used 9345K, committed 10048K, reserved 1048576K
}
Event: 8236.087 GC heap before
{Heap before GC invocations=1375 (full 4):
 PSYoungGen      total 5632K, used 5632K [0x00000000d5580000, 0x00000000d5f00000, 0x0000000100000000)
  eden space 4608K, 100% used [0x00000000d5580000,0x00000000d5a00000,0x00000000d5a00000)
  from space 1024K, 100% used [0x00000000d5d00000,0x00000000d5e00000,0x00000000d5e00000)
  to   space 2560K, 0% used [0x00000000d5a00000,0x00000000d5a00000,0x00000000d5c80000)
 ParOldGen       total 761856K, used 337262K [0x0000000080000000, 0x00000000ae800000, 0x00000000d5580000)
  object space 761856K, 44% used [0x0000000080000000,0x000000009495b8f0,0x00000000ae800000)
 Metaspace       used 89533K, committed 91200K, reserved 1179648K
  class space    used 9345K, committed 10048K, reserved 1048576K
}
Event: 8236.115 GC heap after
{Heap after GC invocations=1375 (full 4):
 PSYoungGen      total 5632K, used 640K [0x00000000d5580000, 0x00000000d5d80000, 0x0000000100000000)
  eden space 4608K, 0% used [0x00000000d5580000,0x00000000d5580000,0x00000000d5a00000)
  from space 1024K, 62% used [0x00000000d5a00000,0x00000000d5aa0000,0x00000000d5b00000)
  to   space 1536K, 0% used [0x00000000d5c00000,0x00000000d5c00000,0x00000000d5d80000)
 ParOldGen       total 761856K, used 337830K [0x0000000080000000, 0x00000000ae800000, 0x00000000d5580000)
  object space 761856K, 44% used [0x0000000080000000,0x00000000949e98f0,0x00000000ae800000)
 Metaspace       used 89533K, committed 91200K, reserved 1179648K
  class space    used 9345K, committed 10048K, reserved 1048576K
}
Event: 8255.609 GC heap before
{Heap before GC invocations=1376 (full 4):
 PSYoungGen      total 5632K, used 5248K [0x00000000d5580000, 0x00000000d5d80000, 0x0000000100000000)
  eden space 4608K, 100% used [0x00000000d5580000,0x00000000d5a00000,0x00000000d5a00000)
  from space 1024K, 62% used [0x00000000d5a00000,0x00000000d5aa0000,0x00000000d5b00000)
  to   space 1536K, 0% used [0x00000000d5c00000,0x00000000d5c00000,0x00000000d5d80000)
 ParOldGen       total 761856K, used 337830K [0x0000000080000000, 0x00000000ae800000, 0x00000000d5580000)
  object space 761856K, 44% used [0x0000000080000000,0x00000000949e98f0,0x00000000ae800000)
 Metaspace       used 89535K, committed 91200K, reserved 1179648K
  class space    used 9345K, committed 10048K, reserved 1048576K
}
Event: 8255.689 GC heap after
{Heap after GC invocations=1376 (full 4):
 PSYoungGen      total 6144K, used 1511K [0x00000000d5580000, 0x00000000d5e00000, 0x0000000100000000)
  eden space 4608K, 0% used [0x00000000d5580000,0x00000000d5580000,0x00000000d5a00000)
  from space 1536K, 98% used [0x00000000d5c00000,0x00000000d5d79d20,0x00000000d5d80000)
  to   space 2048K, 0% used [0x00000000d5a00000,0x00000000d5a00000,0x00000000d5c00000)
 ParOldGen       total 761856K, used 338134K [0x0000000080000000, 0x00000000ae800000, 0x00000000d5580000)
  object space 761856K, 44% used [0x0000000080000000,0x0000000094a358f0,0x00000000ae800000)
 Metaspace       used 89535K, committed 91200K, reserved 1179648K
  class space    used 9345K, committed 10048K, reserved 1048576K
}
Event: 8255.839 GC heap before
{Heap before GC invocations=1377 (full 4):
 PSYoungGen      total 6144K, used 6003K [0x00000000d5580000, 0x00000000d5e00000, 0x0000000100000000)
  eden space 4608K, 97% used [0x00000000d5580000,0x00000000d59e32d8,0x00000000d5a00000)
  from space 1536K, 98% used [0x00000000d5c00000,0x00000000d5d79d20,0x00000000d5d80000)
  to   space 2048K, 0% used [0x00000000d5a00000,0x00000000d5a00000,0x00000000d5c00000)
 ParOldGen       total 761856K, used 338134K [0x0000000080000000, 0x00000000ae800000, 0x00000000d5580000)
  object space 761856K, 44% used [0x0000000080000000,0x0000000094a358f0,0x00000000ae800000)
 Metaspace       used 89535K, committed 91200K, reserved 1179648K
  class space    used 9345K, committed 10048K, reserved 1048576K
}
Event: 8255.967 GC heap after
{Heap after GC invocations=1377 (full 4):
 PSYoungGen      total 6656K, used 2032K [0x00000000d5580000, 0x00000000d6800000, 0x0000000100000000)
  eden space 4608K, 0% used [0x00000000d5580000,0x00000000d5580000,0x00000000d5a00000)
  from space 2048K, 99% used [0x00000000d5a00000,0x00000000d5bfc000,0x00000000d5c00000)
  to   space 7168K, 0% used [0x00000000d6100000,0x00000000d6100000,0x00000000d6800000)
 ParOldGen       total 761856K, used 342117K [0x0000000080000000, 0x00000000ae800000, 0x00000000d5580000)
  object space 761856K, 44% used [0x0000000080000000,0x0000000094e19750,0x00000000ae800000)
 Metaspace       used 89535K, committed 91200K, reserved 1179648K
  class space    used 9345K, committed 10048K, reserved 1048576K
}
Event: 8256.210 GC heap before
{Heap before GC invocations=1378 (full 4):
 PSYoungGen      total 6656K, used 6640K [0x00000000d5580000, 0x00000000d6800000, 0x0000000100000000)
  eden space 4608K, 100% used [0x00000000d5580000,0x00000000d5a00000,0x00000000d5a00000)
  from space 2048K, 99% used [0x00000000d5a00000,0x00000000d5bfc000,0x00000000d5c00000)
  to   space 7168K, 0% used [0x00000000d6100000,0x00000000d6100000,0x00000000d6800000)
 ParOldGen       total 761856K, used 342117K [0x0000000080000000, 0x00000000ae800000, 0x00000000d5580000)
  object space 761856K, 44% used [0x0000000080000000,0x0000000094e19750,0x00000000ae800000)
 Metaspace       used 89539K, committed 91264K, reserved 1179648K
  class space    used 9345K, committed 10048K, reserved 1048576K
}
Event: 8256.274 GC heap after
{Heap after GC invocations=1378 (full 4):
 PSYoungGen      total 9216K, used 4379K [0x00000000d5580000, 0x00000000d6580000, 0x0000000100000000)
  eden space 4608K, 0% used [0x00000000d5580000,0x00000000d5580000,0x00000000d5a00000)
  from space 4608K, 95% used [0x00000000d6100000,0x00000000d6546e90,0x00000000d6580000)
  to   space 5120K, 0% used [0x00000000d5b80000,0x00000000d5b80000,0x00000000d6080000)
 ParOldGen       total 761856K, used 343837K [0x0000000080000000, 0x00000000ae800000, 0x00000000d5580000)
  object space 761856K, 45% used [0x0000000080000000,0x0000000094fc7750,0x00000000ae800000)
 Metaspace       used 89539K, committed 91264K, reserved 1179648K
  class space    used 9345K, committed 10048K, reserved 1048576K
}
Event: 8258.020 GC heap before
{Heap before GC invocations=1379 (full 4):
 PSYoungGen      total 9216K, used 8987K [0x00000000d5580000, 0x00000000d6580000, 0x0000000100000000)
  eden space 4608K, 100% used [0x00000000d5580000,0x00000000d5a00000,0x00000000d5a00000)
  from space 4608K, 95% used [0x00000000d6100000,0x00000000d6546e90,0x00000000d6580000)
  to   space 5120K, 0% used [0x00000000d5b80000,0x00000000d5b80000,0x00000000d6080000)
 ParOldGen       total 761856K, used 343837K [0x0000000080000000, 0x00000000ae800000, 0x00000000d5580000)
  object space 761856K, 45% used [0x0000000080000000,0x0000000094fc7750,0x00000000ae800000)
 Metaspace       used 89544K, committed 91264K, reserved 1179648K
  class space    used 9345K, committed 10048K, reserved 1048576K
}
Event: 8258.146 GC heap after
{Heap after GC invocations=1379 (full 4):
 PSYoungGen      total 6144K, used 1296K [0x00000000d5580000, 0x00000000d6180000, 0x0000000100000000)
  eden space 4608K, 0% used [0x00000000d5580000,0x00000000d5580000,0x00000000d5a00000)
  from space 1536K, 84% used [0x00000000d5b80000,0x00000000d5cc4000,0x00000000d5d00000)
  to   space 2560K, 0% used [0x00000000d5f00000,0x00000000d5f00000,0x00000000d6180000)
 ParOldGen       total 761856K, used 348196K [0x0000000080000000, 0x00000000ae800000, 0x00000000d5580000)
  object space 761856K, 45% used [0x0000000080000000,0x00000000954091e0,0x00000000ae800000)
 Metaspace       used 89544K, committed 91264K, reserved 1179648K
  class space    used 9345K, committed 10048K, reserved 1048576K
}
Event: 8261.721 GC heap before
{Heap before GC invocations=1380 (full 4):
 PSYoungGen      total 6144K, used 5903K [0x00000000d5580000, 0x00000000d6180000, 0x0000000100000000)
  eden space 4608K, 99% used [0x00000000d5580000,0x00000000d59ffff8,0x00000000d5a00000)
  from space 1536K, 84% used [0x00000000d5b80000,0x00000000d5cc4000,0x00000000d5d00000)
  to   space 2560K, 0% used [0x00000000d5f00000,0x00000000d5f00000,0x00000000d6180000)
 ParOldGen       total 761856K, used 348196K [0x0000000080000000, 0x00000000ae800000, 0x00000000d5580000)
  object space 761856K, 45% used [0x0000000080000000,0x00000000954091e0,0x00000000ae800000)
 Metaspace       used 89556K, committed 91264K, reserved 1179648K
  class space    used 9345K, committed 10048K, reserved 1048576K
}
Event: 8261.753 GC heap after
{Heap after GC invocations=1380 (full 4):
 PSYoungGen      total 5632K, used 768K [0x00000000d5580000, 0x00000000d6000000, 0x0000000100000000)
  eden space 4608K, 0% used [0x00000000d5580000,0x00000000d5580000,0x00000000d5a00000)
  from space 1024K, 75% used [0x00000000d5f00000,0x00000000d5fc0040,0x00000000d6000000)
  to   space 1536K, 0% used [0x00000000d5d00000,0x00000000d5d00000,0x00000000d5e80000)
 ParOldGen       total 761856K, used 349052K [0x0000000080000000, 0x00000000ae800000, 0x00000000d5580000)
  object space 761856K, 45% used [0x0000000080000000,0x00000000954df1e0,0x00000000ae800000)
 Metaspace       used 89556K, committed 91264K, reserved 1179648K
  class space    used 9345K, committed 10048K, reserved 1048576K
}
Event: 10059.971 GC heap before
{Heap before GC invocations=1381 (full 4):
 PSYoungGen      total 5632K, used 5376K [0x00000000d5580000, 0x00000000d6000000, 0x0000000100000000)
  eden space 4608K, 100% used [0x00000000d5580000,0x00000000d5a00000,0x00000000d5a00000)
  from space 1024K, 75% used [0x00000000d5f00000,0x00000000d5fc0040,0x00000000d6000000)
  to   space 1536K, 0% used [0x00000000d5d00000,0x00000000d5d00000,0x00000000d5e80000)
 ParOldGen       total 761856K, used 349052K [0x0000000080000000, 0x00000000ae800000, 0x00000000d5580000)
  object space 761856K, 45% used [0x0000000080000000,0x00000000954df1e0,0x00000000ae800000)
 Metaspace       used 89558K, committed 91264K, reserved 1179648K
  class space    used 9345K, committed 10048K, reserved 1048576K
}
Event: 10060.636 GC heap after
{Heap after GC invocations=1381 (full 4):
 PSYoungGen      total 6144K, used 352K [0x00000000d5580000, 0x00000000d5f80000, 0x0000000100000000)
  eden space 4608K, 0% used [0x00000000d5580000,0x00000000d5580000,0x00000000d5a00000)
  from space 1536K, 22% used [0x00000000d5d00000,0x00000000d5d58040,0x00000000d5e80000)
  to   space 1024K, 0% used [0x00000000d5e80000,0x00000000d5e80000,0x00000000d5f80000)
 ParOldGen       total 761856K, used 349140K [0x0000000080000000, 0x00000000ae800000, 0x00000000d5580000)
  object space 761856K, 45% used [0x0000000080000000,0x00000000954f5200,0x00000000ae800000)
 Metaspace       used 89558K, committed 91264K, reserved 1179648K
  class space    used 9345K, committed 10048K, reserved 1048576K
}
Event: 10062.262 GC heap before
{Heap before GC invocations=1382 (full 4):
 PSYoungGen      total 6144K, used 4960K [0x00000000d5580000, 0x00000000d5f80000, 0x0000000100000000)
  eden space 4608K, 100% used [0x00000000d5580000,0x00000000d5a00000,0x00000000d5a00000)
  from space 1536K, 22% used [0x00000000d5d00000,0x00000000d5d58040,0x00000000d5e80000)
  to   space 1024K, 0% used [0x00000000d5e80000,0x00000000d5e80000,0x00000000d5f80000)
 ParOldGen       total 761856K, used 349140K [0x0000000080000000, 0x00000000ae800000, 0x00000000d5580000)
  object space 761856K, 45% used [0x0000000080000000,0x00000000954f5200,0x00000000ae800000)
 Metaspace       used 89558K, committed 91264K, reserved 1179648K
  class space    used 9345K, committed 10048K, reserved 1048576K
}
Event: 10062.283 GC heap after
{Heap after GC invocations=1382 (full 4):
 PSYoungGen      total 5120K, used 288K [0x00000000d5580000, 0x00000000d5f00000, 0x0000000100000000)
  eden space 4608K, 0% used [0x00000000d5580000,0x00000000d5580000,0x00000000d5a00000)
  from space 512K, 56% used [0x00000000d5e80000,0x00000000d5ec8000,0x00000000d5f00000)
  to   space 512K, 0% used [0x00000000d5e00000,0x00000000d5e00000,0x00000000d5e80000)
 ParOldGen       total 761856K, used 349308K [0x0000000080000000, 0x00000000ae800000, 0x00000000d5580000)
  object space 761856K, 45% used [0x0000000080000000,0x000000009551f240,0x00000000ae800000)
 Metaspace       used 89558K, committed 91264K, reserved 1179648K
  class space    used 9345K, committed 10048K, reserved 1048576K
}

